<?xml version="1.0" encoding="UTF-8"?>
<testng-results skipped="0" failed="0" ignored="0" total="3" passed="3">
  <reporter-output>
  </reporter-output>
  <suite name="Default suite" duration-ms="81" started-at="2021-11-11T21:47:58 TRT" finished-at="2021-11-11T21:47:58 TRT">
    <groups>
    </groups>
    <test name="Default test" duration-ms="81" started-at="2021-11-11T21:47:58 TRT" finished-at="2021-11-11T21:47:58 TRT">
      <class name="fibonacciTest.FibonacciTest">
        <test-method status="PASS" signature="dynamicFib()[pri:0, instance:fibonacciTest.FibonacciTest@67205a84]" name="dynamicFib" duration-ms="13" started-at="2021-11-11T21:47:58 TRT" finished-at="2021-11-11T21:47:58 TRT">
          <reporter-output>
          </reporter-output>
        </test-method> <!-- dynamicFib -->
        <test-method status="PASS" signature="fibFail()[pri:0, instance:fibonacciTest.FibonacciTest@67205a84]" name="fibFail" duration-ms="2" started-at="2021-11-11T21:47:58 TRT" finished-at="2021-11-11T21:47:58 TRT">
          <reporter-output>
          </reporter-output>
        </test-method> <!-- fibFail -->
        <test-method status="PASS" signature="fibSuccess()[pri:0, instance:fibonacciTest.FibonacciTest@67205a84]" name="fibSuccess" duration-ms="3" started-at="2021-11-11T21:47:58 TRT" finished-at="2021-11-11T21:47:58 TRT">
          <reporter-output>
          </reporter-output>
        </test-method> <!-- fibSuccess -->
      </class> <!-- fibonacciTest.FibonacciTest -->
    </test> <!-- Default test -->
  </suite> <!-- Default suite -->
</testng-results>
